Using pre-set license
Built from '2020.3/staging' branch; Version is '2020.3.21f1 (a38c86f6690f) revision 10718342'; Using compiler version '192528614'; Build Type 'Release'
OS: 'Windows 10 Pro; OS build 18363.815; Version 1909; 64bit' Language: 'ru' Physical Memory: 3892 MB
BatchMode: 1, IsHumanControllingUs: 0, StartBugReporterOnCrash: 0, Is64bit: 1, IsPro: 0

COMMAND LINE ARGUMENTS:
C:\Program Files\Unity\Hub\Editor\2020.3.21f1\Editor\Unity.exe
-adb2
-batchMode
-noUpm
-name
AssetImportWorker0
-projectPath
C:/Users/User/Documents/GitHub/Deshovaya igra/KostyaAdventure/KostyaAdventure
-logFile
Logs/AssetImportWorker0.log
-srvPort
62889
Successfully changed project path to: C:/Users/User/Documents/GitHub/Deshovaya igra/KostyaAdventure/KostyaAdventure
C:/Users/User/Documents/GitHub/Deshovaya igra/KostyaAdventure/KostyaAdventure
Using Asset Import Pipeline V2.
Refreshing native plugins compatible for Editor in 127.69 ms, found 3 plugins.
Preloading 0 native plugins for Editor in 0.00 ms.
Initialize engine version: 2020.3.21f1 (a38c86f6690f)
[Subsystems] Discovering subsystems at path C:/Program Files/Unity/Hub/Editor/2020.3.21f1/Editor/Data/Resources/UnitySubsystems
[Subsystems] Discovering subsystems at path C:/Users/User/Documents/GitHub/Deshovaya igra/KostyaAdventure/KostyaAdventure/Assets
GfxDevice: creating device client; threaded=0
Direct3D:
    Version:  Direct3D 11.0 [level 11.1]
    Renderer: Intel(R) HD Graphics 520 (ID=0x1916)
    Vendor:   
    VRAM:     1946 MB
    Driver:   25.20.100.6323
Initialize mono
Mono path[0] = 'C:/Program Files/Unity/Hub/Editor/2020.3.21f1/Editor/Data/Managed'
Mono path[1] = 'C:/Program Files/Unity/Hub/Editor/2020.3.21f1/Editor/Data/MonoBleedingEdge/lib/mono/unityjit'
Mono config path = 'C:/Program Files/Unity/Hub/Editor/2020.3.21f1/Editor/Data/MonoBleedingEdge/etc'
Using monoOptions --debugger-agent=transport=dt_socket,embedding=1,server=y,suspend=n,address=127.0.0.1:56040
Begin MonoManager ReloadAssembly
Registering precompiled unity dll's ...
Register platform support module: C:/Program Files/Unity/Hub/Editor/2020.3.21f1/Editor/Data/PlaybackEngines/WindowsStandaloneSupport/UnityEditor.WindowsStandalone.Extensions.dll
Registered in 0.005024 seconds.
Native extension for WindowsStandalone target not found
Refreshing native plugins compatible for Editor in 121.79 ms, found 3 plugins.
Preloading 0 native plugins for Editor in 0.00 ms.
Mono: successfully reloaded assembly
- Completed reload, in  8.818 seconds
Domain Reload Profiling:
	ReloadAssembly (8819ms)
		BeginReloadAssembly (103ms)
			ExecutionOrderSort (0ms)
			DisableScriptedObjects (0ms)
			BackupInstance (0ms)
			ReleaseScriptingObjects (0ms)
			CreateAndSetChildDomain (2ms)
		EndReloadAssembly (896ms)
			LoadAssemblies (103ms)
			RebuildTransferFunctionScriptingTraits (1ms)
			SetupTypeCache (279ms)
			ReleaseScriptCaches (0ms)
			RebuildScriptCaches (44ms)
			SetupLoadedEditorAssemblies (338ms)
				LogAssemblyErrors (0ms)
				InitializePlatformSupportModulesInManaged (6ms)
				SetLoadedEditorAssemblies (0ms)
				RefreshPlugins (122ms)
				BeforeProcessingInitializeOnLoad (30ms)
				ProcessInitializeOnLoadAttributes (129ms)
				ProcessInitializeOnLoadMethodAttributes (51ms)
				AfterProcessingInitializeOnLoad (0ms)
				EditorAssembliesLoaded (1ms)
			ExecutionOrderSort2 (0ms)
			AwakeInstancesAfterBackupRestoration (0ms)
Platform modules already initialized, skipping
Registering precompiled user dll's ...
Registered in 0.027895 seconds.
Begin MonoManager ReloadAssembly
Native extension for WindowsStandalone target not found
Refreshing native plugins compatible for Editor in 68.51 ms, found 3 plugins.
Preloading 0 native plugins for Editor in 0.00 ms.
Mono: successfully reloaded assembly
- Completed reload, in  2.325 seconds
Domain Reload Profiling:
	ReloadAssembly (2370ms)
		BeginReloadAssembly (278ms)
			ExecutionOrderSort (0ms)
			DisableScriptedObjects (9ms)
			BackupInstance (0ms)
			ReleaseScriptingObjects (1ms)
			CreateAndSetChildDomain (40ms)
		EndReloadAssembly (1981ms)
			LoadAssemblies (557ms)
			RebuildTransferFunctionScriptingTraits (0ms)
			SetupTypeCache (546ms)
			ReleaseScriptCaches (1ms)
			RebuildScriptCaches (69ms)
			SetupLoadedEditorAssemblies (579ms)
				LogAssemblyErrors (0ms)
				InitializePlatformSupportModulesInManaged (6ms)
				SetLoadedEditorAssemblies (0ms)
				RefreshPlugins (69ms)
				BeforeProcessingInitializeOnLoad (120ms)
				ProcessInitializeOnLoadAttributes (349ms)
				ProcessInitializeOnLoadMethodAttributes (29ms)
				AfterProcessingInitializeOnLoad (6ms)
				EditorAssembliesLoaded (0ms)
			ExecutionOrderSort2 (0ms)
			AwakeInstancesAfterBackupRestoration (17ms)
Platform modules already initialized, skipping
========================================================================
Worker process is ready to serve import requests
Launched and connected shader compiler UnityShaderCompiler.exe after 0.18 seconds
Refreshing native plugins compatible for Editor in 0.63 ms, found 3 plugins.
Preloading 0 native plugins for Editor in 0.00 ms.
Unloading 2202 Unused Serialized files (Serialized files now loaded: 0)
System memory in use before: 170.3 MB.
System memory in use after: 170.4 MB.

Unloading 27 unused Assets to reduce memory usage. Loaded Objects now: 2648.
Total: 10.554800 ms (FindLiveObjects: 1.681300 ms CreateObjectMapping: 0.290100 ms MarkObjects: 8.524600 ms  DeleteObjects: 0.056000 ms)

AssetImportParameters requested are different than current active one (requested -> active):
  custom:framework-win-MediaFoundation: 216162199b28c13a410421893ffa2e32 -> 
  custom:video-decoder-ogg-theora: a1e56fd34408186e4bbccfd4996cb3dc -> 
  custom:container-muxer-webm: aa71ff27fc2769a1b78a27578f13a17b -> 
  custom:container-demuxer-webm: 4f35f7cbe854078d1ac9338744f61a02 -> 
  custom:container-demuxer-ogg: 62fdf1f143b41e24485cea50d1cbac27 -> 
  custom:video-encoder-webm-vp8: eb34c28f22e8b96e1ab97ce403110664 -> 
  custom:video-decoder-webm-vp8: 9c59270c3fd7afecdb556c50c9e8de78 -> 
  custom:audio-decoder-ogg-vorbis: bf7c407c2cedff20999df2af8eb42d56 -> 
  custom:audio-encoder-webm-vorbis: bf7c407c2cedff20999df2af8eb42d56 -> 
========================================================================
Received Import Request.
  path: Assets/Resorces/Sprites/Tileset/Dungeon tileset_162.asset
  artifactKey: Guid(4c0201b07ea838c47bb4017e65caa40e) Importer(815301076,1909f56bfc062723c751e8b465ee728b)
Start importing Assets/Resorces/Sprites/Tileset/Dungeon tileset_162.asset using Guid(4c0201b07ea838c47bb4017e65caa40e) Importer(815301076,1909f56bfc062723c751e8b465ee728b)  -> (artifact id: '6ed69b2768c5b84403274919e3d77d26') in 0.429525 seconds 
  Import took 0.441368 seconds .

========================================================================
Received Import Request.
  Time since last request: 0.000909 seconds.
  path: Assets/Resorces/Sprites/Tileset/Dungeon tileset_164.asset
  artifactKey: Guid(2477fc8cf0d23c747838c6b29e3c4f98) Importer(815301076,1909f56bfc062723c751e8b465ee728b)
Start importing Assets/Resorces/Sprites/Tileset/Dungeon tileset_164.asset using Guid(2477fc8cf0d23c747838c6b29e3c4f98) Importer(815301076,1909f56bfc062723c751e8b465ee728b)  -> (artifact id: '7ec2a944706b4ad66602ade943b50c46') in 0.155068 seconds 
  Import took 0.171259 seconds .

========================================================================
Received Import Request.
  Time since last request: 0.000311 seconds.
  path: Assets/Resorces/Sprites/Tileset/Dungeon tileset_141.asset
  artifactKey: Guid(826b66905d2892d40b367be9217c984c) Importer(815301076,1909f56bfc062723c751e8b465ee728b)
Start importing Assets/Resorces/Sprites/Tileset/Dungeon tileset_141.asset using Guid(826b66905d2892d40b367be9217c984c) Importer(815301076,1909f56bfc062723c751e8b465ee728b)  -> (artifact id: '006897aac2a0281876e6ea5bc8774adc') in 0.019615 seconds 
  Import took 0.031601 seconds .

========================================================================
Received Import Request.
  Time since last request: 0.000469 seconds.
  path: Assets/Resorces/Sprites/Tileset/Dungeon tileset_122.asset
  artifactKey: Guid(b2e44cde728527a4aa04b8dab9be75ff) Importer(815301076,1909f56bfc062723c751e8b465ee728b)
Start importing Assets/Resorces/Sprites/Tileset/Dungeon tileset_122.asset using Guid(b2e44cde728527a4aa04b8dab9be75ff) Importer(815301076,1909f56bfc062723c751e8b465ee728b)  -> (artifact id: '5819a6c804d7302307f2e4ff993f1171') in 0.021829 seconds 
  Import took 0.032532 seconds .

========================================================================
Received Import Request.
  Time since last request: 0.000519 seconds.
  path: Assets/Resorces/Sprites/Tileset/Dungeon tileset_168.asset
  artifactKey: Guid(d2caa65542ef1ef499dcff7f9c4c8513) Importer(815301076,1909f56bfc062723c751e8b465ee728b)
Start importing Assets/Resorces/Sprites/Tileset/Dungeon tileset_168.asset using Guid(d2caa65542ef1ef499dcff7f9c4c8513) Importer(815301076,1909f56bfc062723c751e8b465ee728b)  -> (artifact id: 'c6cf516bcb8a897449dc9eeaa4fb1608') in 0.027588 seconds 
  Import took 0.038402 seconds .

========================================================================
Received Import Request.
  Time since last request: 0.000743 seconds.
  path: Assets/Resorces/Sprites/Tileset/Dungeon tileset_165.asset
  artifactKey: Guid(d76358e92fdac94458861c8c965ffebe) Importer(815301076,1909f56bfc062723c751e8b465ee728b)
Start importing Assets/Resorces/Sprites/Tileset/Dungeon tileset_165.asset using Guid(d76358e92fdac94458861c8c965ffebe) Importer(815301076,1909f56bfc062723c751e8b465ee728b)  -> (artifact id: 'aed907f996a27b80d725fcfa49c49c4b') in 0.031230 seconds 
  Import took 0.040724 seconds .

========================================================================
Received Import Request.
  Time since last request: 0.000472 seconds.
  path: Assets/Resorces/Sprites/Tileset/Dungeon tileset_126.asset
  artifactKey: Guid(01b7530870d067e44953dc2ee131618e) Importer(815301076,1909f56bfc062723c751e8b465ee728b)
Start importing Assets/Resorces/Sprites/Tileset/Dungeon tileset_126.asset using Guid(01b7530870d067e44953dc2ee131618e) Importer(815301076,1909f56bfc062723c751e8b465ee728b)  -> (artifact id: '3e532a9adeff6621c1590b9c94bc5e23') in 0.021897 seconds 
  Import took 0.030904 seconds .

========================================================================
Received Import Request.
  Time since last request: 0.000496 seconds.
  path: Assets/Resorces/Sprites/Tileset/Dungeon tileset_170.asset
  artifactKey: Guid(3eb11a373cf5e9548a6cab22c4681435) Importer(815301076,1909f56bfc062723c751e8b465ee728b)
Start importing Assets/Resorces/Sprites/Tileset/Dungeon tileset_170.asset using Guid(3eb11a373cf5e9548a6cab22c4681435) Importer(815301076,1909f56bfc062723c751e8b465ee728b)  -> (artifact id: '29f46519800f0d3d5ae9047aa345b2a2') in 0.032248 seconds 
  Import took 0.045101 seconds .

========================================================================
Received Import Request.
  Time since last request: 0.000398 seconds.
  path: Assets/Resorces/Sprites/Tileset/Dungeon tileset_163.asset
  artifactKey: Guid(a536abac8a7c8894aa565e8623e7bc37) Importer(815301076,1909f56bfc062723c751e8b465ee728b)
Start importing Assets/Resorces/Sprites/Tileset/Dungeon tileset_163.asset using Guid(a536abac8a7c8894aa565e8623e7bc37) Importer(815301076,1909f56bfc062723c751e8b465ee728b)  -> (artifact id: 'fa129110dcf9763e88cc1b184ea5646b') in 0.114332 seconds 
  Import took 0.128626 seconds .

========================================================================
Received Import Request.
  Time since last request: 0.000371 seconds.
  path: Assets/Resorces/Sprites/Tileset/Dungeon tileset_134.asset
  artifactKey: Guid(8dada332991550f478cfb801c67fefcb) Importer(815301076,1909f56bfc062723c751e8b465ee728b)
Start importing Assets/Resorces/Sprites/Tileset/Dungeon tileset_134.asset using Guid(8dada332991550f478cfb801c67fefcb) Importer(815301076,1909f56bfc062723c751e8b465ee728b)  -> (artifact id: '153b70cd8db92f2c8d3ebb2a618e56b6') in 0.203196 seconds 
  Import took 0.213699 seconds .

========================================================================
Received Import Request.
  Time since last request: 0.000514 seconds.
  path: Assets/Resorces/Sprites/Tileset/Dungeon tileset_148.asset
  artifactKey: Guid(eb2e82c89cd82ac44b7de34cd7e58172) Importer(815301076,1909f56bfc062723c751e8b465ee728b)
Start importing Assets/Resorces/Sprites/Tileset/Dungeon tileset_148.asset using Guid(eb2e82c89cd82ac44b7de34cd7e58172) Importer(815301076,1909f56bfc062723c751e8b465ee728b)  -> (artifact id: '197a5dc3e32ed67107c88612ebc6274c') in 0.106354 seconds 
  Import took 0.116384 seconds .

========================================================================
Received Import Request.
  Time since last request: 0.000379 seconds.
  path: Assets/Resorces/Sprites/Tileset/Dungeon tileset_153.asset
  artifactKey: Guid(de2f04dc179e4f54f80582ed87556e60) Importer(815301076,1909f56bfc062723c751e8b465ee728b)
Start importing Assets/Resorces/Sprites/Tileset/Dungeon tileset_153.asset using Guid(de2f04dc179e4f54f80582ed87556e60) Importer(815301076,1909f56bfc062723c751e8b465ee728b)  -> (artifact id: 'd021a05ed8360396c67296f43a8a9413') in 0.023791 seconds 
  Import took 0.034792 seconds .

========================================================================
Received Import Request.
  Time since last request: 0.000405 seconds.
  path: Assets/Resorces/Sprites/Tileset/Dungeon tileset_137.asset
  artifactKey: Guid(41e9ab454238f194187b37ddf332cb70) Importer(815301076,1909f56bfc062723c751e8b465ee728b)
Start importing Assets/Resorces/Sprites/Tileset/Dungeon tileset_137.asset using Guid(41e9ab454238f194187b37ddf332cb70) Importer(815301076,1909f56bfc062723c751e8b465ee728b)  -> (artifact id: '218fc8e662228dba6f5e66678f972bd6') in 0.022299 seconds 
  Import took 0.032172 seconds .

========================================================================
Received Import Request.
  Time since last request: 0.000852 seconds.
  path: Assets/Resorces/Sprites/Tileset/Dungeon tileset_132.asset
  artifactKey: Guid(b58702230e0aa6c42a74bd929e2e8b59) Importer(815301076,1909f56bfc062723c751e8b465ee728b)
Start importing Assets/Resorces/Sprites/Tileset/Dungeon tileset_132.asset using Guid(b58702230e0aa6c42a74bd929e2e8b59) Importer(815301076,1909f56bfc062723c751e8b465ee728b)  -> (artifact id: '98deeda5994afa99e006dc786fb9c715') in 0.115808 seconds 
  Import took 0.129130 seconds .

========================================================================
Received Import Request.
  Time since last request: 0.000364 seconds.
  path: Assets/Resorces/Sprites/Tileset/Dungeon tileset_129.asset
  artifactKey: Guid(b7d8cd0e740352041b4058f398b26b47) Importer(815301076,1909f56bfc062723c751e8b465ee728b)
Start importing Assets/Resorces/Sprites/Tileset/Dungeon tileset_129.asset using Guid(b7d8cd0e740352041b4058f398b26b47) Importer(815301076,1909f56bfc062723c751e8b465ee728b)  -> (artifact id: 'a2bf88975326d25d7c265caf70c1d81e') in 0.164629 seconds 
  Import took 0.171756 seconds .

========================================================================
Received Import Request.
  Time since last request: 0.000560 seconds.
  path: Assets/Resorces/Sprites/Tileset/Dungeon tileset_167.asset
  artifactKey: Guid(37492bec8feb4e946a810b12258f9118) Importer(815301076,1909f56bfc062723c751e8b465ee728b)
Start importing Assets/Resorces/Sprites/Tileset/Dungeon tileset_167.asset using Guid(37492bec8feb4e946a810b12258f9118) Importer(815301076,1909f56bfc062723c751e8b465ee728b)  -> (artifact id: '4f14ed945acb7d7bfc870237639eabb5') in 0.019734 seconds 
  Import took 0.031122 seconds .

========================================================================
Received Import Request.
  Time since last request: 0.000470 seconds.
  path: Assets/Resorces/Sprites/Tileset/Dungeon tileset_156.asset
  artifactKey: Guid(4126096f5b872af488c0f7147dea421c) Importer(815301076,1909f56bfc062723c751e8b465ee728b)
Start importing Assets/Resorces/Sprites/Tileset/Dungeon tileset_156.asset using Guid(4126096f5b872af488c0f7147dea421c) Importer(815301076,1909f56bfc062723c751e8b465ee728b)  -> (artifact id: '1b3ae1522b5445cdadfd2f996769f68f') in 0.020436 seconds 
  Import took 0.029811 seconds .

========================================================================
Received Import Request.
  Time since last request: 0.000533 seconds.
  path: Assets/Resorces/Sprites/Tileset/Dungeon tileset_145.asset
  artifactKey: Guid(e6d3f3f430a8dcd48873e663c9b524a5) Importer(815301076,1909f56bfc062723c751e8b465ee728b)
Start importing Assets/Resorces/Sprites/Tileset/Dungeon tileset_145.asset using Guid(e6d3f3f430a8dcd48873e663c9b524a5) Importer(815301076,1909f56bfc062723c751e8b465ee728b)  -> (artifact id: '6ff7a36ac59e9103e03da4e58a34f621') in 0.098022 seconds 
  Import took 0.107324 seconds .

========================================================================
Received Import Request.
  Time since last request: 0.000417 seconds.
  path: Assets/Resorces/Sprites/Tileset/Dungeon tileset_169.asset
  artifactKey: Guid(f738b54677e09bf4d9703f5ae58a3f67) Importer(815301076,1909f56bfc062723c751e8b465ee728b)
Start importing Assets/Resorces/Sprites/Tileset/Dungeon tileset_169.asset using Guid(f738b54677e09bf4d9703f5ae58a3f67) Importer(815301076,1909f56bfc062723c751e8b465ee728b)  -> (artifact id: '47d0032f69f540a5ce9eda0722464f67') in 0.021404 seconds 
  Import took 0.033183 seconds .

========================================================================
Received Import Request.
  Time since last request: 0.000385 seconds.
  path: Assets/Resorces/Sprites/Tileset/Dungeon tileset_149.asset
  artifactKey: Guid(0bf9c3b03765fc74f94556dba945228a) Importer(815301076,1909f56bfc062723c751e8b465ee728b)
Start importing Assets/Resorces/Sprites/Tileset/Dungeon tileset_149.asset using Guid(0bf9c3b03765fc74f94556dba945228a) Importer(815301076,1909f56bfc062723c751e8b465ee728b)  -> (artifact id: '6e822d365dba725f6c66965a2d1ee20c') in 0.030189 seconds 
  Import took 0.037710 seconds .

========================================================================
Received Import Request.
  Time since last request: 0.000315 seconds.
  path: Assets/Resorces/Sprites/Tileset/Dungeon tileset_123.asset
  artifactKey: Guid(1119a52fbc3759944bd35736f937e607) Importer(815301076,1909f56bfc062723c751e8b465ee728b)
Start importing Assets/Resorces/Sprites/Tileset/Dungeon tileset_123.asset using Guid(1119a52fbc3759944bd35736f937e607) Importer(815301076,1909f56bfc062723c751e8b465ee728b)  -> (artifact id: '55f2c98a299815bca24703dc77daa1c3') in 0.028268 seconds 
  Import took 0.037818 seconds .

========================================================================
Received Import Request.
  Time since last request: 0.000572 seconds.
  path: Assets/Resorces/Sprites/Tileset/Dungeon tileset_128.asset
  artifactKey: Guid(c1a293b69f60b5040ab8de85111aaca6) Importer(815301076,1909f56bfc062723c751e8b465ee728b)
Start importing Assets/Resorces/Sprites/Tileset/Dungeon tileset_128.asset using Guid(c1a293b69f60b5040ab8de85111aaca6) Importer(815301076,1909f56bfc062723c751e8b465ee728b)  -> (artifact id: '5be913ccdfd5c067bd209b8227509b3c') in 0.032790 seconds 
  Import took 0.057904 seconds .

========================================================================
Received Import Request.
  Time since last request: 0.000363 seconds.
  path: Assets/Resorces/Sprites/Tileset/Dungeon tileset_139.asset
  artifactKey: Guid(89dff16f6a0e29047a0fbe4686a713ac) Importer(815301076,1909f56bfc062723c751e8b465ee728b)
Start importing Assets/Resorces/Sprites/Tileset/Dungeon tileset_139.asset using Guid(89dff16f6a0e29047a0fbe4686a713ac) Importer(815301076,1909f56bfc062723c751e8b465ee728b)  -> (artifact id: '55d561302cbd4d3806aca42cc448ae9c') in 0.056575 seconds 
  Import took 0.091329 seconds .

========================================================================
Received Import Request.
  Time since last request: 0.000368 seconds.
  path: Assets/Resorces/Sprites/Tileset/Dungeon tileset_147.asset
  artifactKey: Guid(4a701434182ce4444abe6e1377ad251a) Importer(815301076,1909f56bfc062723c751e8b465ee728b)
Start importing Assets/Resorces/Sprites/Tileset/Dungeon tileset_147.asset using Guid(4a701434182ce4444abe6e1377ad251a) Importer(815301076,1909f56bfc062723c751e8b465ee728b)  -> (artifact id: '556c62a2a43efd04c74fd496c31fc761') in 0.063588 seconds 
  Import took 0.082409 seconds .

========================================================================
Received Import Request.
  Time since last request: 0.000416 seconds.
  path: Assets/Resorces/Sprites/Tileset/Dungeon tileset_161.asset
  artifactKey: Guid(49aa9fd4be79f2c48b5f11fcd52e0f72) Importer(815301076,1909f56bfc062723c751e8b465ee728b)
Start importing Assets/Resorces/Sprites/Tileset/Dungeon tileset_161.asset using Guid(49aa9fd4be79f2c48b5f11fcd52e0f72) Importer(815301076,1909f56bfc062723c751e8b465ee728b)  -> (artifact id: '6be1f59213ca091c2c0e921ffda4f25f') in 0.061252 seconds 
  Import took 0.074651 seconds .

========================================================================
Received Import Request.
  Time since last request: 0.000478 seconds.
  path: Assets/Resorces/Sprites/Tileset/Dungeon tileset_133.asset
  artifactKey: Guid(7cb1379433f87a149a5b9a36fe6ed97a) Importer(815301076,1909f56bfc062723c751e8b465ee728b)
Start importing Assets/Resorces/Sprites/Tileset/Dungeon tileset_133.asset using Guid(7cb1379433f87a149a5b9a36fe6ed97a) Importer(815301076,1909f56bfc062723c751e8b465ee728b)  -> (artifact id: 'd2696946998fd01bac703cb8411d8667') in 0.087287 seconds 
  Import took 0.115749 seconds .

========================================================================
Received Import Request.
  Time since last request: 0.000348 seconds.
  path: Assets/Resorces/Sprites/Tileset/Dungeon tileset_127.asset
  artifactKey: Guid(e3e153178e6448e45827317c9e29b619) Importer(815301076,1909f56bfc062723c751e8b465ee728b)
Start importing Assets/Resorces/Sprites/Tileset/Dungeon tileset_127.asset using Guid(e3e153178e6448e45827317c9e29b619) Importer(815301076,1909f56bfc062723c751e8b465ee728b)  -> (artifact id: '4b5c54c874db31ada32a897c87eb613b') in 0.045308 seconds 
  Import took 0.053449 seconds .

========================================================================
Received Import Request.
  Time since last request: 0.000353 seconds.
  path: Assets/Resorces/Sprites/Tileset/Dungeon tileset_157.asset
  artifactKey: Guid(3fd96eeaf7bd8314ea74bef82dd22f18) Importer(815301076,1909f56bfc062723c751e8b465ee728b)
Start importing Assets/Resorces/Sprites/Tileset/Dungeon tileset_157.asset using Guid(3fd96eeaf7bd8314ea74bef82dd22f18) Importer(815301076,1909f56bfc062723c751e8b465ee728b)  -> (artifact id: 'df30ec652dd9e3bd1bb67dbeb4f51268') in 0.027147 seconds 
  Import took 0.037167 seconds .

========================================================================
Received Import Request.
  Time since last request: 0.000515 seconds.
  path: Assets/Resorces/Sprites/Tileset/Dungeon tileset_150.asset
  artifactKey: Guid(52081f6221b9692448b2790faf107948) Importer(815301076,1909f56bfc062723c751e8b465ee728b)
Start importing Assets/Resorces/Sprites/Tileset/Dungeon tileset_150.asset using Guid(52081f6221b9692448b2790faf107948) Importer(815301076,1909f56bfc062723c751e8b465ee728b)  -> (artifact id: '638b1da32972f6e6634c1893cc537d7b') in 0.030648 seconds 
  Import took 0.040636 seconds .

========================================================================
Received Import Request.
  Time since last request: 0.000340 seconds.
  path: Assets/Resorces/Sprites/Tileset/Dungeon tileset_124.asset
  artifactKey: Guid(94f13ddbc0afa8844948a82846fa882d) Importer(815301076,1909f56bfc062723c751e8b465ee728b)
Start importing Assets/Resorces/Sprites/Tileset/Dungeon tileset_124.asset using Guid(94f13ddbc0afa8844948a82846fa882d) Importer(815301076,1909f56bfc062723c751e8b465ee728b)  -> (artifact id: 'b5158973d0367a8f9d3a50c730bddebe') in 0.028973 seconds 
  Import took 0.040377 seconds .

========================================================================
Received Import Request.
  Time since last request: 0.001191 seconds.
  path: Assets/Resorces/Sprites/Tileset/Dungeon tileset_138.asset
  artifactKey: Guid(de8734bcde90f7748ac7f40544ed7fd8) Importer(815301076,1909f56bfc062723c751e8b465ee728b)
Start importing Assets/Resorces/Sprites/Tileset/Dungeon tileset_138.asset using Guid(de8734bcde90f7748ac7f40544ed7fd8) Importer(815301076,1909f56bfc062723c751e8b465ee728b)  -> (artifact id: 'ecad92f8a4aff83eab35880bc9e9eb31') in 0.022143 seconds 
  Import took 0.040142 seconds .

========================================================================
Received Import Request.
  Time since last request: 0.000924 seconds.
  path: Assets/Resorces/Sprites/Tileset/Dungeon tileset_136.asset
  artifactKey: Guid(914764c88b25b134588b4d0539293249) Importer(815301076,1909f56bfc062723c751e8b465ee728b)
Start importing Assets/Resorces/Sprites/Tileset/Dungeon tileset_136.asset using Guid(914764c88b25b134588b4d0539293249) Importer(815301076,1909f56bfc062723c751e8b465ee728b)  -> (artifact id: '86afda55d7d5658aa1799254f5d60d8b') in 0.021936 seconds 
  Import took 0.034704 seconds .

========================================================================
Received Import Request.
  Time since last request: 0.000482 seconds.
  path: Assets/Resorces/Sprites/Tileset/Dungeon tileset_159.asset
  artifactKey: Guid(08c1620814f78044b83c73b1be53a575) Importer(815301076,1909f56bfc062723c751e8b465ee728b)
Start importing Assets/Resorces/Sprites/Tileset/Dungeon tileset_159.asset using Guid(08c1620814f78044b83c73b1be53a575) Importer(815301076,1909f56bfc062723c751e8b465ee728b)  -> (artifact id: 'ff17a6ba6a511bbbec98312964ac152d') in 0.081901 seconds 
  Import took 0.094532 seconds .

========================================================================
Received Import Request.
  Time since last request: 0.000992 seconds.
  path: Assets/Resorces/Sprites/Tileset/Dungeon tileset_135.asset
  artifactKey: Guid(b031b327d9934e6429e25e499e009f95) Importer(815301076,1909f56bfc062723c751e8b465ee728b)
Start importing Assets/Resorces/Sprites/Tileset/Dungeon tileset_135.asset using Guid(b031b327d9934e6429e25e499e009f95) Importer(815301076,1909f56bfc062723c751e8b465ee728b)  -> (artifact id: 'fc5083fd740a03493f6666b1a097a651') in 0.070654 seconds 
  Import took 0.084141 seconds .

========================================================================
Received Import Request.
  Time since last request: 0.000398 seconds.
  path: Assets/Resorces/Sprites/Tileset/Dungeon tileset_125.asset
  artifactKey: Guid(543c909bc8a29ed4181075f6674202fc) Importer(815301076,1909f56bfc062723c751e8b465ee728b)
Start importing Assets/Resorces/Sprites/Tileset/Dungeon tileset_125.asset using Guid(543c909bc8a29ed4181075f6674202fc) Importer(815301076,1909f56bfc062723c751e8b465ee728b)  -> (artifact id: '1ecb8c9362a87559f3520b0297eae062') in 0.025009 seconds 
  Import took 0.038509 seconds .

========================================================================
Received Import Request.
  Time since last request: 0.000853 seconds.
  path: Assets/Resorces/Sprites/Tileset/Dungeon tileset_146.asset
  artifactKey: Guid(8a00806b17648b745bfcdd7ea8abdbe7) Importer(815301076,1909f56bfc062723c751e8b465ee728b)
Start importing Assets/Resorces/Sprites/Tileset/Dungeon tileset_146.asset using Guid(8a00806b17648b745bfcdd7ea8abdbe7) Importer(815301076,1909f56bfc062723c751e8b465ee728b)  -> (artifact id: '3334d35d40fe70109ce79f86dacb03a0') in 0.046854 seconds 
  Import took 0.063047 seconds .

========================================================================
Received Import Request.
  Time since last request: 0.000412 seconds.
  path: Assets/Resorces/Sprites/Tileset/Dungeon tileset_151.asset
  artifactKey: Guid(ba4ae9c12cf9f864b94dbe0843f9dd6f) Importer(815301076,1909f56bfc062723c751e8b465ee728b)
Start importing Assets/Resorces/Sprites/Tileset/Dungeon tileset_151.asset using Guid(ba4ae9c12cf9f864b94dbe0843f9dd6f) Importer(815301076,1909f56bfc062723c751e8b465ee728b)  -> (artifact id: '20b05d914adf41b8c9218e1b176d8f75') in 0.112091 seconds 
  Import took 0.127085 seconds .

========================================================================
Received Import Request.
  Time since last request: 0.000150 seconds.
  path: Assets/Resorces/Sprites/Tileset/Dungeon tileset_160.asset
  artifactKey: Guid(082cd9eb4fb95624e86d67c82b9e969f) Importer(815301076,1909f56bfc062723c751e8b465ee728b)
Start importing Assets/Resorces/Sprites/Tileset/Dungeon tileset_160.asset using Guid(082cd9eb4fb95624e86d67c82b9e969f) Importer(815301076,1909f56bfc062723c751e8b465ee728b)  -> (artifact id: '92e286cf42d792d848181f3ca19dba40') in 0.123559 seconds 
  Import took 0.132448 seconds .

========================================================================
Received Import Request.
  Time since last request: 0.001457 seconds.
  path: Assets/Resorces/Sprites/Tileset/Dungeon tileset_144.asset
  artifactKey: Guid(cf889950864a2e443bfc2160a7bbaa2e) Importer(815301076,1909f56bfc062723c751e8b465ee728b)
Start importing Assets/Resorces/Sprites/Tileset/Dungeon tileset_144.asset using Guid(cf889950864a2e443bfc2160a7bbaa2e) Importer(815301076,1909f56bfc062723c751e8b465ee728b)  -> (artifact id: '8070f89f6cdaf122598ddf312f29dbaf') in 0.062849 seconds 
  Import took 0.081981 seconds .

========================================================================
Received Import Request.
  Time since last request: 0.000349 seconds.
  path: Assets/Resorces/Sprites/Tileset/Dungeon tileset_152.asset
  artifactKey: Guid(8cfd3f97a71e49b4b968aaeabfb78bf7) Importer(815301076,1909f56bfc062723c751e8b465ee728b)
Start importing Assets/Resorces/Sprites/Tileset/Dungeon tileset_152.asset using Guid(8cfd3f97a71e49b4b968aaeabfb78bf7) Importer(815301076,1909f56bfc062723c751e8b465ee728b)  -> (artifact id: '294a2c460db878973fe03fdd0aa5b0b0') in 0.062470 seconds 
  Import took 0.086357 seconds .

========================================================================
Received Import Request.
  Time since last request: 0.002406 seconds.
  path: Assets/Resorces/Sprites/Tileset/Dungeon tileset_130.asset
  artifactKey: Guid(cb1c5909a7c2a5440aefb1872b7ed101) Importer(815301076,1909f56bfc062723c751e8b465ee728b)
Start importing Assets/Resorces/Sprites/Tileset/Dungeon tileset_130.asset using Guid(cb1c5909a7c2a5440aefb1872b7ed101) Importer(815301076,1909f56bfc062723c751e8b465ee728b)  -> (artifact id: '1cf2cca022aadeae2bc011d18e5cb156') in 0.091237 seconds 
  Import took 0.103591 seconds .

========================================================================
Received Import Request.
  Time since last request: 0.000456 seconds.
  path: Assets/Resorces/Sprites/Tileset/Dungeon tileset_140.asset
  artifactKey: Guid(7c05ca0bca32c34419d0109c631bf344) Importer(815301076,1909f56bfc062723c751e8b465ee728b)
Start importing Assets/Resorces/Sprites/Tileset/Dungeon tileset_140.asset using Guid(7c05ca0bca32c34419d0109c631bf344) Importer(815301076,1909f56bfc062723c751e8b465ee728b)  -> (artifact id: '0a181a2273927b040faa9c554f3730fb') in 0.032263 seconds 
  Import took 0.041893 seconds .

========================================================================
Received Import Request.
  Time since last request: 0.000555 seconds.
  path: Assets/Resorces/Sprites/Tileset/Dungeon tileset_154.asset
  artifactKey: Guid(eaf69146b7a10e5438d1799a169be528) Importer(815301076,1909f56bfc062723c751e8b465ee728b)
Start importing Assets/Resorces/Sprites/Tileset/Dungeon tileset_154.asset using Guid(eaf69146b7a10e5438d1799a169be528) Importer(815301076,1909f56bfc062723c751e8b465ee728b)  -> (artifact id: 'bce9cbce7ab277e7ae5160cfbcb8bc76') in 0.020955 seconds 
  Import took 0.031553 seconds .

========================================================================
Received Import Request.
  Time since last request: 0.001179 seconds.
  path: Assets/Resorces/Sprites/Tileset/Dungeon tileset_155.asset
  artifactKey: Guid(5a1b19fd11f86924c871e0859eab9283) Importer(815301076,1909f56bfc062723c751e8b465ee728b)
Start importing Assets/Resorces/Sprites/Tileset/Dungeon tileset_155.asset using Guid(5a1b19fd11f86924c871e0859eab9283) Importer(815301076,1909f56bfc062723c751e8b465ee728b)  -> (artifact id: '75a3a301652079733295dcbb39789786') in 0.022721 seconds 
  Import took 0.033223 seconds .

========================================================================
Received Import Request.
  Time since last request: 0.000417 seconds.
  path: Assets/Resorces/Sprites/Tileset/Dungeon tileset_158.asset
  artifactKey: Guid(c99cc70656e300b47b0237a9179608e8) Importer(815301076,1909f56bfc062723c751e8b465ee728b)
Start importing Assets/Resorces/Sprites/Tileset/Dungeon tileset_158.asset using Guid(c99cc70656e300b47b0237a9179608e8) Importer(815301076,1909f56bfc062723c751e8b465ee728b)  -> (artifact id: 'b1a1c24e05e6e511923302104634701b') in 0.034415 seconds 
  Import took 0.047329 seconds .

========================================================================
Received Import Request.
  Time since last request: 0.000356 seconds.
  path: Assets/Resorces/Sprites/Tileset/Dungeon tileset_143.asset
  artifactKey: Guid(32b8c7166073abd44b2461f00b1faa1b) Importer(815301076,1909f56bfc062723c751e8b465ee728b)
Start importing Assets/Resorces/Sprites/Tileset/Dungeon tileset_143.asset using Guid(32b8c7166073abd44b2461f00b1faa1b) Importer(815301076,1909f56bfc062723c751e8b465ee728b)  -> (artifact id: '90b368b1392e48a7203734c5c0ecb7e6') in 0.046967 seconds 
  Import took 0.056536 seconds .

========================================================================
Received Import Request.
  Time since last request: 0.000390 seconds.
  path: Assets/Resorces/Sprites/Tileset/Dungeon tileset_142.asset
  artifactKey: Guid(e8d3d31dc4c27664b94e36ab1495ae33) Importer(815301076,1909f56bfc062723c751e8b465ee728b)
Start importing Assets/Resorces/Sprites/Tileset/Dungeon tileset_142.asset using Guid(e8d3d31dc4c27664b94e36ab1495ae33) Importer(815301076,1909f56bfc062723c751e8b465ee728b)  -> (artifact id: '1b4069c952964de14af0d21a4c06c927') in 0.046666 seconds 
  Import took 0.054047 seconds .

========================================================================
Received Import Request.
  Time since last request: 0.000299 seconds.
  path: Assets/Resorces/Sprites/Tileset/Dungeon tileset_131.asset
  artifactKey: Guid(1d47d9aa147a65b458dc6472f85160fd) Importer(815301076,1909f56bfc062723c751e8b465ee728b)
Start importing Assets/Resorces/Sprites/Tileset/Dungeon tileset_131.asset using Guid(1d47d9aa147a65b458dc6472f85160fd) Importer(815301076,1909f56bfc062723c751e8b465ee728b)  -> (artifact id: '9e809cddc1e779287f98891b93871c90') in 0.029225 seconds 
  Import took 0.038920 seconds .

========================================================================
Received Import Request.
  Time since last request: 0.000370 seconds.
  path: Assets/Resorces/Sprites/Tileset/Dungeon tileset_166.asset
  artifactKey: Guid(47a81dc9db2d36e48bd9facfbd763a73) Importer(815301076,1909f56bfc062723c751e8b465ee728b)
Start importing Assets/Resorces/Sprites/Tileset/Dungeon tileset_166.asset using Guid(47a81dc9db2d36e48bd9facfbd763a73) Importer(815301076,1909f56bfc062723c751e8b465ee728b)  -> (artifact id: '8aa2af3c1a6b5c73a7c39d23177249b9') in 0.026596 seconds 
  Import took 0.037380 seconds .

========================================================================
Received Prepare
Refreshing native plugins compatible for Editor in 12.49 ms, found 3 plugins.
Preloading 0 native plugins for Editor in 0.00 ms.
Unloading 15 Unused Serialized files (Serialized files now loaded: 0)
System memory in use before: 129.1 MB.
System memory in use after: 129.2 MB.

Unloading 15 unused Assets to reduce memory usage. Loaded Objects now: 2652.
Total: 196.723400 ms (FindLiveObjects: 1.883100 ms CreateObjectMapping: 0.250600 ms MarkObjects: 194.516600 ms  DeleteObjects: 0.069100 ms)

AssetImportParameters requested are different than current active one (requested -> active):
  custom:framework-win-MediaFoundation: 216162199b28c13a410421893ffa2e32 -> 
  custom:video-decoder-ogg-theora: a1e56fd34408186e4bbccfd4996cb3dc -> 
  custom:container-muxer-webm: aa71ff27fc2769a1b78a27578f13a17b -> 
  custom:container-demuxer-webm: 4f35f7cbe854078d1ac9338744f61a02 -> 
  custom:container-demuxer-ogg: 62fdf1f143b41e24485cea50d1cbac27 -> 
  custom:video-encoder-webm-vp8: eb34c28f22e8b96e1ab97ce403110664 -> 
  custom:video-decoder-webm-vp8: 9c59270c3fd7afecdb556c50c9e8de78 -> 
  custom:audio-decoder-ogg-vorbis: bf7c407c2cedff20999df2af8eb42d56 -> 
  custom:audio-encoder-webm-vorbis: bf7c407c2cedff20999df2af8eb42d56 -> 
========================================================================
Received Prepare
Registering precompiled user dll's ...
Registered in 0.016400 seconds.
Begin MonoManager ReloadAssembly
Native extension for WindowsStandalone target not found
Refreshing native plugins compatible for Editor in 0.89 ms, found 3 plugins.
Preloading 0 native plugins for Editor in 0.00 ms.
Mono: successfully reloaded assembly
- Completed reload, in  2.181 seconds
Domain Reload Profiling:
	ReloadAssembly (2189ms)
		BeginReloadAssembly (558ms)
			ExecutionOrderSort (0ms)
			DisableScriptedObjects (51ms)
			BackupInstance (0ms)
			ReleaseScriptingObjects (1ms)
			CreateAndSetChildDomain (349ms)
		EndReloadAssembly (1500ms)
			LoadAssemblies (209ms)
			RebuildTransferFunctionScriptingTraits (0ms)
			SetupTypeCache (515ms)
			ReleaseScriptCaches (2ms)
			RebuildScriptCaches (87ms)
			SetupLoadedEditorAssemblies (495ms)
				LogAssemblyErrors (0ms)
				InitializePlatformSupportModulesInManaged (9ms)
				SetLoadedEditorAssemblies (1ms)
				RefreshPlugins (1ms)
				BeforeProcessingInitializeOnLoad (115ms)
				ProcessInitializeOnLoadAttributes (347ms)
				ProcessInitializeOnLoadMethodAttributes (17ms)
				AfterProcessingInitializeOnLoad (4ms)
				EditorAssembliesLoaded (0ms)
			ExecutionOrderSort2 (0ms)
			AwakeInstancesAfterBackupRestoration (13ms)
Platform modules already initialized, skipping
Switching build target platform(19) subTarget(0) extendedPlatform(0) -> platform(13) subTarget(537395200) extendedPlatform(0)
Refreshing native plugins compatible for Editor in 3.71 ms, found 3 plugins.
Preloading 0 native plugins for Editor in 0.00 ms.
Unloading 2194 Unused Serialized files (Serialized files now loaded: 0)
System memory in use before: 172.5 MB.
System memory in use after: 172.6 MB.

Unloading 17 unused Assets to reduce memory usage. Loaded Objects now: 2654.
Total: 8.340800 ms (FindLiveObjects: 0.509100 ms CreateObjectMapping: 0.717900 ms MarkObjects: 7.062800 ms  DeleteObjects: 0.048000 ms)

AssetImportParameters requested are different than current active one (requested -> active):
  custom:framework-win-MediaFoundation: 216162199b28c13a410421893ffa2e32 -> 
  custom:video-decoder-ogg-theora: a1e56fd34408186e4bbccfd4996cb3dc -> 
  custom:container-muxer-webm: aa71ff27fc2769a1b78a27578f13a17b -> 
  custom:container-demuxer-webm: 4f35f7cbe854078d1ac9338744f61a02 -> 
  custom:container-demuxer-ogg: 62fdf1f143b41e24485cea50d1cbac27 -> 
  custom:video-encoder-webm-vp8: eb34c28f22e8b96e1ab97ce403110664 -> 
  custom:video-decoder-webm-vp8: 9c59270c3fd7afecdb556c50c9e8de78 -> 
  custom:graphics/normal-map-encoding: 01000000000000000000000000000000 -> 02000000000000000000000000000000
  custom:audio-decoder-ogg-vorbis: bf7c407c2cedff20999df2af8eb42d56 -> 
  custom:audio-encoder-webm-vorbis: bf7c407c2cedff20999df2af8eb42d56 -> 
========================================================================
Received Prepare
Registering precompiled user dll's ...
Registered in 0.014005 seconds.
Begin MonoManager ReloadAssembly
Native extension for WindowsStandalone target not found
Refreshing native plugins compatible for Editor in 0.74 ms, found 3 plugins.
Preloading 0 native plugins for Editor in 0.00 ms.
Mono: successfully reloaded assembly
- Completed reload, in  1.964 seconds
Domain Reload Profiling:
	ReloadAssembly (1966ms)
		BeginReloadAssembly (172ms)
			ExecutionOrderSort (0ms)
			DisableScriptedObjects (11ms)
			BackupInstance (0ms)
			ReleaseScriptingObjects (0ms)
			CreateAndSetChildDomain (73ms)
		EndReloadAssembly (1714ms)
			LoadAssemblies (206ms)
			RebuildTransferFunctionScriptingTraits (0ms)
			SetupTypeCache (461ms)
			ReleaseScriptCaches (1ms)
			RebuildScriptCaches (61ms)
			SetupLoadedEditorAssemblies (567ms)
				LogAssemblyErrors (0ms)
				InitializePlatformSupportModulesInManaged (7ms)
				SetLoadedEditorAssemblies (1ms)
				RefreshPlugins (1ms)
				BeforeProcessingInitializeOnLoad (146ms)
				ProcessInitializeOnLoadAttributes (324ms)
				ProcessInitializeOnLoadMethodAttributes (83ms)
				AfterProcessingInitializeOnLoad (5ms)
				EditorAssembliesLoaded (0ms)
			ExecutionOrderSort2 (0ms)
			AwakeInstancesAfterBackupRestoration (13ms)
Platform modules already initialized, skipping
Switching build target platform(19) subTarget(0) extendedPlatform(0) -> platform(13) subTarget(537395200) extendedPlatform(0)
Refreshing native plugins compatible for Editor in 5.53 ms, found 3 plugins.
Preloading 0 native plugins for Editor in 0.00 ms.
Unloading 2194 Unused Serialized files (Serialized files now loaded: 0)
System memory in use before: 172.6 MB.
System memory in use after: 172.7 MB.

Unloading 17 unused Assets to reduce memory usage. Loaded Objects now: 2656.
Total: 18.685600 ms (FindLiveObjects: 0.391100 ms CreateObjectMapping: 0.294100 ms MarkObjects: 17.492500 ms  DeleteObjects: 0.502400 ms)

AssetImportParameters requested are different than current active one (requested -> active):
  custom:framework-win-MediaFoundation: 216162199b28c13a410421893ffa2e32 -> 
  custom:video-decoder-ogg-theora: a1e56fd34408186e4bbccfd4996cb3dc -> 
  custom:container-muxer-webm: aa71ff27fc2769a1b78a27578f13a17b -> 
  custom:container-demuxer-webm: 4f35f7cbe854078d1ac9338744f61a02 -> 
  custom:container-demuxer-ogg: 62fdf1f143b41e24485cea50d1cbac27 -> 
  custom:video-encoder-webm-vp8: eb34c28f22e8b96e1ab97ce403110664 -> 
  custom:video-decoder-webm-vp8: 9c59270c3fd7afecdb556c50c9e8de78 -> 
  custom:graphics/normal-map-encoding: 01000000000000000000000000000000 -> 02000000000000000000000000000000
  custom:audio-decoder-ogg-vorbis: bf7c407c2cedff20999df2af8eb42d56 -> 
  custom:audio-encoder-webm-vorbis: bf7c407c2cedff20999df2af8eb42d56 -> 
========================================================================
Received Prepare
Registering precompiled user dll's ...
Registered in 0.036034 seconds.
Begin MonoManager ReloadAssembly
Native extension for WindowsStandalone target not found
Refreshing native plugins compatible for Editor in 1.42 ms, found 3 plugins.
Preloading 0 native plugins for Editor in 0.00 ms.
Mono: successfully reloaded assembly
- Completed reload, in  3.476 seconds
Domain Reload Profiling:
	ReloadAssembly (3501ms)
		BeginReloadAssembly (1217ms)
			ExecutionOrderSort (0ms)
			DisableScriptedObjects (200ms)
			BackupInstance (0ms)
			ReleaseScriptingObjects (4ms)
			CreateAndSetChildDomain (670ms)
		EndReloadAssembly (2125ms)
			LoadAssemblies (309ms)
			RebuildTransferFunctionScriptingTraits (0ms)
			SetupTypeCache (574ms)
			ReleaseScriptCaches (3ms)
			RebuildScriptCaches (116ms)
			SetupLoadedEditorAssemblies (847ms)
				LogAssemblyErrors (0ms)
				InitializePlatformSupportModulesInManaged (20ms)
				SetLoadedEditorAssemblies (2ms)
				RefreshPlugins (2ms)
				BeforeProcessingInitializeOnLoad (141ms)
				ProcessInitializeOnLoadAttributes (635ms)
				ProcessInitializeOnLoadMethodAttributes (34ms)
				AfterProcessingInitializeOnLoad (13ms)
				EditorAssembliesLoaded (0ms)
			ExecutionOrderSort2 (0ms)
			AwakeInstancesAfterBackupRestoration (29ms)
Platform modules already initialized, skipping
Switching build target platform(19) subTarget(0) extendedPlatform(0) -> platform(13) subTarget(537395200) extendedPlatform(0)
Refreshing native plugins compatible for Editor in 0.80 ms, found 3 plugins.
Preloading 0 native plugins for Editor in 0.00 ms.
Unloading 2194 Unused Serialized files (Serialized files now loaded: 0)
System memory in use before: 172.6 MB.
System memory in use after: 172.7 MB.

Unloading 17 unused Assets to reduce memory usage. Loaded Objects now: 2658.
Total: 20.857100 ms (FindLiveObjects: 2.566900 ms CreateObjectMapping: 1.172600 ms MarkObjects: 16.709000 ms  DeleteObjects: 0.404100 ms)

AssetImportParameters requested are different than current active one (requested -> active):
  custom:framework-win-MediaFoundation: 216162199b28c13a410421893ffa2e32 -> 
  custom:video-decoder-ogg-theora: a1e56fd34408186e4bbccfd4996cb3dc -> 
  custom:container-muxer-webm: aa71ff27fc2769a1b78a27578f13a17b -> 
  custom:container-demuxer-webm: 4f35f7cbe854078d1ac9338744f61a02 -> 
  custom:container-demuxer-ogg: 62fdf1f143b41e24485cea50d1cbac27 -> 
  custom:video-encoder-webm-vp8: eb34c28f22e8b96e1ab97ce403110664 -> 
  custom:video-decoder-webm-vp8: 9c59270c3fd7afecdb556c50c9e8de78 -> 
  custom:graphics/normal-map-encoding: 01000000000000000000000000000000 -> 02000000000000000000000000000000
  custom:audio-decoder-ogg-vorbis: bf7c407c2cedff20999df2af8eb42d56 -> 
  custom:audio-encoder-webm-vorbis: bf7c407c2cedff20999df2af8eb42d56 -> 
========================================================================
Received Import Request.
  Time since last request: 492.723148 seconds.
  path: Assets/Resorces/Sprites/Tileset/Dungeon tileset_19 1.asset
  artifactKey: Guid(f4ba67560c231b14689561440f51ed50) Importer(815301076,1909f56bfc062723c751e8b465ee728b)
Start importing Assets/Resorces/Sprites/Tileset/Dungeon tileset_19 1.asset using Guid(f4ba67560c231b14689561440f51ed50) Importer(815301076,1909f56bfc062723c751e8b465ee728b)  -> (artifact id: 'fd65ce95c6a7d5a9173fb43dff53fdd7') in 1.172355 seconds 
  Import took 1.341981 seconds .

========================================================================
Received Import Request.
  Time since last request: 0.000665 seconds.
  path: Assets/Resorces/Sprites/Tileset/Dungeon tileset_20 1.asset
  artifactKey: Guid(8f784cb213a007a4cba1ab4946980365) Importer(815301076,1909f56bfc062723c751e8b465ee728b)
Start importing Assets/Resorces/Sprites/Tileset/Dungeon tileset_20 1.asset using Guid(8f784cb213a007a4cba1ab4946980365) Importer(815301076,1909f56bfc062723c751e8b465ee728b)  -> (artifact id: 'afe2439bfc38bc0bfafe38599fa2cfc8') in 0.086043 seconds 
  Import took 0.097145 seconds .

========================================================================
Received Prepare
Registering precompiled user dll's ...
Registered in 0.026250 seconds.
Begin MonoManager ReloadAssembly
Native extension for WindowsStandalone target not found
Refreshing native plugins compatible for Editor in 0.86 ms, found 3 plugins.
Preloading 0 native plugins for Editor in 0.00 ms.
Mono: successfully reloaded assembly
- Completed reload, in  2.864 seconds
Domain Reload Profiling:
	ReloadAssembly (2870ms)
		BeginReloadAssembly (886ms)
			ExecutionOrderSort (0ms)
			DisableScriptedObjects (77ms)
			BackupInstance (0ms)
			ReleaseScriptingObjects (3ms)
			CreateAndSetChildDomain (605ms)
		EndReloadAssembly (1867ms)
			LoadAssemblies (301ms)
			RebuildTransferFunctionScriptingTraits (0ms)
			SetupTypeCache (789ms)
			ReleaseScriptCaches (2ms)
			RebuildScriptCaches (65ms)
			SetupLoadedEditorAssemblies (514ms)
				LogAssemblyErrors (0ms)
				InitializePlatformSupportModulesInManaged (10ms)
				SetLoadedEditorAssemblies (2ms)
				RefreshPlugins (1ms)
				BeforeProcessingInitializeOnLoad (141ms)
				ProcessInitializeOnLoadAttributes (336ms)
				ProcessInitializeOnLoadMethodAttributes (19ms)
				AfterProcessingInitializeOnLoad (6ms)
				EditorAssembliesLoaded (0ms)
			ExecutionOrderSort2 (0ms)
			AwakeInstancesAfterBackupRestoration (14ms)
Platform modules already initialized, skipping
Switching build target platform(19) subTarget(0) extendedPlatform(0) -> platform(13) subTarget(537395200) extendedPlatform(0)
Refreshing native plugins compatible for Editor in 0.97 ms, found 3 plugins.
Preloading 0 native plugins for Editor in 0.00 ms.
Unloading 2194 Unused Serialized files (Serialized files now loaded: 0)
System memory in use before: 172.6 MB.
System memory in use after: 172.7 MB.

Unloading 17 unused Assets to reduce memory usage. Loaded Objects now: 2661.
Total: 7.923300 ms (FindLiveObjects: 0.403500 ms CreateObjectMapping: 0.160700 ms MarkObjects: 7.005900 ms  DeleteObjects: 0.350000 ms)

AssetImportParameters requested are different than current active one (requested -> active):
  custom:framework-win-MediaFoundation: 216162199b28c13a410421893ffa2e32 -> 
  custom:video-decoder-ogg-theora: a1e56fd34408186e4bbccfd4996cb3dc -> 
  custom:container-muxer-webm: aa71ff27fc2769a1b78a27578f13a17b -> 
  custom:container-demuxer-webm: 4f35f7cbe854078d1ac9338744f61a02 -> 
  custom:container-demuxer-ogg: 62fdf1f143b41e24485cea50d1cbac27 -> 
  custom:video-encoder-webm-vp8: eb34c28f22e8b96e1ab97ce403110664 -> 
  custom:video-decoder-webm-vp8: 9c59270c3fd7afecdb556c50c9e8de78 -> 
  custom:graphics/normal-map-encoding: 01000000000000000000000000000000 -> 02000000000000000000000000000000
  custom:audio-decoder-ogg-vorbis: bf7c407c2cedff20999df2af8eb42d56 -> 
  custom:audio-encoder-webm-vorbis: bf7c407c2cedff20999df2af8eb42d56 -> 
========================================================================
Received Prepare
Registering precompiled user dll's ...
Registered in 0.033148 seconds.
Begin MonoManager ReloadAssembly
Native extension for WindowsStandalone target not found
Refreshing native plugins compatible for Editor in 0.84 ms, found 3 plugins.
Preloading 0 native plugins for Editor in 0.00 ms.
Mono: successfully reloaded assembly
- Completed reload, in  2.500 seconds
Domain Reload Profiling:
	ReloadAssembly (2502ms)
		BeginReloadAssembly (432ms)
			ExecutionOrderSort (0ms)
			DisableScriptedObjects (29ms)
			BackupInstance (0ms)
			ReleaseScriptingObjects (4ms)
			CreateAndSetChildDomain (252ms)
		EndReloadAssembly (1819ms)
			LoadAssemblies (304ms)
			RebuildTransferFunctionScriptingTraits (0ms)
			SetupTypeCache (588ms)
			ReleaseScriptCaches (2ms)
			RebuildScriptCaches (73ms)
			SetupLoadedEditorAssemblies (598ms)
				LogAssemblyErrors (0ms)
				InitializePlatformSupportModulesInManaged (21ms)
				SetLoadedEditorAssemblies (1ms)
				RefreshPlugins (1ms)
				BeforeProcessingInitializeOnLoad (150ms)
				ProcessInitializeOnLoadAttributes (398ms)
				ProcessInitializeOnLoadMethodAttributes (20ms)
				AfterProcessingInitializeOnLoad (7ms)
				EditorAssembliesLoaded (0ms)
			ExecutionOrderSort2 (0ms)
			AwakeInstancesAfterBackupRestoration (16ms)
Platform modules already initialized, skipping
Switching build target platform(19) subTarget(0) extendedPlatform(0) -> platform(13) subTarget(537395200) extendedPlatform(0)
Refreshing native plugins compatible for Editor in 0.85 ms, found 3 plugins.
Preloading 0 native plugins for Editor in 0.00 ms.
Unloading 2194 Unused Serialized files (Serialized files now loaded: 0)
System memory in use before: 172.6 MB.
System memory in use after: 172.7 MB.

Unloading 17 unused Assets to reduce memory usage. Loaded Objects now: 2663.
Total: 6.882700 ms (FindLiveObjects: 0.576700 ms CreateObjectMapping: 0.328300 ms MarkObjects: 5.884500 ms  DeleteObjects: 0.090200 ms)

AssetImportParameters requested are different than current active one (requested -> active):
  custom:framework-win-MediaFoundation: 216162199b28c13a410421893ffa2e32 -> 
  custom:video-decoder-ogg-theora: a1e56fd34408186e4bbccfd4996cb3dc -> 
  custom:container-muxer-webm: aa71ff27fc2769a1b78a27578f13a17b -> 
  custom:container-demuxer-webm: 4f35f7cbe854078d1ac9338744f61a02 -> 
  custom:container-demuxer-ogg: 62fdf1f143b41e24485cea50d1cbac27 -> 
  custom:video-encoder-webm-vp8: eb34c28f22e8b96e1ab97ce403110664 -> 
  custom:video-decoder-webm-vp8: 9c59270c3fd7afecdb556c50c9e8de78 -> 
  custom:graphics/normal-map-encoding: 01000000000000000000000000000000 -> 02000000000000000000000000000000
  custom:audio-decoder-ogg-vorbis: bf7c407c2cedff20999df2af8eb42d56 -> 
  custom:audio-encoder-webm-vorbis: bf7c407c2cedff20999df2af8eb42d56 -> 
========================================================================
Received Prepare
Registering precompiled user dll's ...
Registered in 0.025494 seconds.
Begin MonoManager ReloadAssembly
Native extension for WindowsStandalone target not found
Refreshing native plugins compatible for Editor in 1.16 ms, found 3 plugins.
Preloading 0 native plugins for Editor in 0.00 ms.
Mono: successfully reloaded assembly
- Completed reload, in  3.309 seconds
Domain Reload Profiling:
	ReloadAssembly (3358ms)
		BeginReloadAssembly (1245ms)
			ExecutionOrderSort (0ms)
			DisableScriptedObjects (272ms)
			BackupInstance (0ms)
			ReleaseScriptingObjects (5ms)
			CreateAndSetChildDomain (634ms)
		EndReloadAssembly (1960ms)
			LoadAssemblies (318ms)
			RebuildTransferFunctionScriptingTraits (0ms)
			SetupTypeCache (764ms)
			ReleaseScriptCaches (3ms)
			RebuildScriptCaches (69ms)
			SetupLoadedEditorAssemblies (565ms)
				LogAssemblyErrors (0ms)
				InitializePlatformSupportModulesInManaged (16ms)
				SetLoadedEditorAssemblies (3ms)
				RefreshPlugins (1ms)
				BeforeProcessingInitializeOnLoad (138ms)
				ProcessInitializeOnLoadAttributes (382ms)
				ProcessInitializeOnLoadMethodAttributes (21ms)
				AfterProcessingInitializeOnLoad (5ms)
				EditorAssembliesLoaded (0ms)
			ExecutionOrderSort2 (0ms)
			AwakeInstancesAfterBackupRestoration (14ms)
Platform modules already initialized, skipping
Switching build target platform(19) subTarget(0) extendedPlatform(0) -> platform(13) subTarget(537395200) extendedPlatform(0)
Refreshing native plugins compatible for Editor in 0.85 ms, found 3 plugins.
Preloading 0 native plugins for Editor in 0.00 ms.
Unloading 2194 Unused Serialized files (Serialized files now loaded: 0)
System memory in use before: 172.6 MB.
System memory in use after: 172.7 MB.

Unloading 17 unused Assets to reduce memory usage. Loaded Objects now: 2665.
Total: 14.770100 ms (FindLiveObjects: 1.404900 ms CreateObjectMapping: 0.425700 ms MarkObjects: 12.397500 ms  DeleteObjects: 0.531200 ms)

AssetImportParameters requested are different than current active one (requested -> active):
  custom:framework-win-MediaFoundation: 216162199b28c13a410421893ffa2e32 -> 
  custom:video-decoder-ogg-theora: a1e56fd34408186e4bbccfd4996cb3dc -> 
  custom:container-muxer-webm: aa71ff27fc2769a1b78a27578f13a17b -> 
  custom:container-demuxer-webm: 4f35f7cbe854078d1ac9338744f61a02 -> 
  custom:container-demuxer-ogg: 62fdf1f143b41e24485cea50d1cbac27 -> 
  custom:video-encoder-webm-vp8: eb34c28f22e8b96e1ab97ce403110664 -> 
  custom:video-decoder-webm-vp8: 9c59270c3fd7afecdb556c50c9e8de78 -> 
  custom:graphics/normal-map-encoding: 01000000000000000000000000000000 -> 02000000000000000000000000000000
  custom:audio-decoder-ogg-vorbis: bf7c407c2cedff20999df2af8eb42d56 -> 
  custom:audio-encoder-webm-vorbis: bf7c407c2cedff20999df2af8eb42d56 -> 
========================================================================
Received Prepare
Registering precompiled user dll's ...
Registered in 0.028375 seconds.
Begin MonoManager ReloadAssembly
Native extension for WindowsStandalone target not found
Refreshing native plugins compatible for Editor in 1.17 ms, found 3 plugins.
Preloading 0 native plugins for Editor in 0.00 ms.
Mono: successfully reloaded assembly
- Completed reload, in  3.057 seconds
Domain Reload Profiling:
	ReloadAssembly (3077ms)
		BeginReloadAssembly (983ms)
			ExecutionOrderSort (0ms)
			DisableScriptedObjects (105ms)
			BackupInstance (0ms)
			ReleaseScriptingObjects (6ms)
			CreateAndSetChildDomain (589ms)
		EndReloadAssembly (1916ms)
			LoadAssemblies (335ms)
			RebuildTransferFunctionScriptingTraits (0ms)
			SetupTypeCache (608ms)
			ReleaseScriptCaches (4ms)
			RebuildScriptCaches (62ms)
			SetupLoadedEditorAssemblies (718ms)
				LogAssemblyErrors (0ms)
				InitializePlatformSupportModulesInManaged (13ms)
				SetLoadedEditorAssemblies (2ms)
				RefreshPlugins (1ms)
				BeforeProcessingInitializeOnLoad (326ms)
				ProcessInitializeOnLoadAttributes (352ms)
				ProcessInitializeOnLoadMethodAttributes (19ms)
				AfterProcessingInitializeOnLoad (5ms)
				EditorAssembliesLoaded (0ms)
			ExecutionOrderSort2 (0ms)
			AwakeInstancesAfterBackupRestoration (13ms)
Platform modules already initialized, skipping
Switching build target platform(19) subTarget(0) extendedPlatform(0) -> platform(13) subTarget(537395200) extendedPlatform(0)
Refreshing native plugins compatible for Editor in 0.79 ms, found 3 plugins.
Preloading 0 native plugins for Editor in 0.00 ms.
Unloading 2194 Unused Serialized files (Serialized files now loaded: 0)
System memory in use before: 172.6 MB.
System memory in use after: 172.8 MB.

Unloading 17 unused Assets to reduce memory usage. Loaded Objects now: 2667.
Total: 5.546300 ms (FindLiveObjects: 0.285800 ms CreateObjectMapping: 0.110100 ms MarkObjects: 5.102000 ms  DeleteObjects: 0.046900 ms)

AssetImportParameters requested are different than current active one (requested -> active):
  custom:framework-win-MediaFoundation: 216162199b28c13a410421893ffa2e32 -> 
  custom:video-decoder-ogg-theora: a1e56fd34408186e4bbccfd4996cb3dc -> 
  custom:container-muxer-webm: aa71ff27fc2769a1b78a27578f13a17b -> 
  custom:container-demuxer-webm: 4f35f7cbe854078d1ac9338744f61a02 -> 
  custom:container-demuxer-ogg: 62fdf1f143b41e24485cea50d1cbac27 -> 
  custom:video-encoder-webm-vp8: eb34c28f22e8b96e1ab97ce403110664 -> 
  custom:video-decoder-webm-vp8: 9c59270c3fd7afecdb556c50c9e8de78 -> 
  custom:graphics/normal-map-encoding: 01000000000000000000000000000000 -> 02000000000000000000000000000000
  custom:audio-decoder-ogg-vorbis: bf7c407c2cedff20999df2af8eb42d56 -> 
  custom:audio-encoder-webm-vorbis: bf7c407c2cedff20999df2af8eb42d56 -> 
========================================================================
Received Prepare
Registering precompiled user dll's ...
Registered in 0.036918 seconds.
Begin MonoManager ReloadAssembly
Native extension for WindowsStandalone target not found
Refreshing native plugins compatible for Editor in 1.68 ms, found 3 plugins.
Preloading 0 native plugins for Editor in 0.00 ms.
Mono: successfully reloaded assembly
- Completed reload, in  2.670 seconds
Domain Reload Profiling:
	ReloadAssembly (2700ms)
		BeginReloadAssembly (778ms)
			ExecutionOrderSort (0ms)
			DisableScriptedObjects (116ms)
			BackupInstance (0ms)
			ReleaseScriptingObjects (4ms)
			CreateAndSetChildDomain (445ms)
		EndReloadAssembly (1782ms)
			LoadAssemblies (308ms)
			RebuildTransferFunctionScriptingTraits (0ms)
			SetupTypeCache (545ms)
			ReleaseScriptCaches (4ms)
			RebuildScriptCaches (66ms)
			SetupLoadedEditorAssemblies (543ms)
				LogAssemblyErrors (0ms)
				InitializePlatformSupportModulesInManaged (12ms)
				SetLoadedEditorAssemblies (2ms)
				RefreshPlugins (2ms)
				BeforeProcessingInitializeOnLoad (121ms)
				ProcessInitializeOnLoadAttributes (376ms)
				ProcessInitializeOnLoadMethodAttributes (25ms)
				AfterProcessingInitializeOnLoad (5ms)
				EditorAssembliesLoaded (0ms)
			ExecutionOrderSort2 (0ms)
			AwakeInstancesAfterBackupRestoration (15ms)
Platform modules already initialized, skipping
Switching build target platform(19) subTarget(0) extendedPlatform(0) -> platform(13) subTarget(537395200) extendedPlatform(0)
Refreshing native plugins compatible for Editor in 0.69 ms, found 3 plugins.
Preloading 0 native plugins for Editor in 0.00 ms.
Unloading 2194 Unused Serialized files (Serialized files now loaded: 0)
System memory in use before: 172.6 MB.
System memory in use after: 172.8 MB.

Unloading 17 unused Assets to reduce memory usage. Loaded Objects now: 2669.
Total: 9.551400 ms (FindLiveObjects: 0.485500 ms CreateObjectMapping: 0.440400 ms MarkObjects: 8.439300 ms  DeleteObjects: 0.182800 ms)

AssetImportParameters requested are different than current active one (requested -> active):
  custom:framework-win-MediaFoundation: 216162199b28c13a410421893ffa2e32 -> 
  custom:video-decoder-ogg-theora: a1e56fd34408186e4bbccfd4996cb3dc -> 
  custom:container-muxer-webm: aa71ff27fc2769a1b78a27578f13a17b -> 
  custom:container-demuxer-webm: 4f35f7cbe854078d1ac9338744f61a02 -> 
  custom:container-demuxer-ogg: 62fdf1f143b41e24485cea50d1cbac27 -> 
  custom:video-encoder-webm-vp8: eb34c28f22e8b96e1ab97ce403110664 -> 
  custom:video-decoder-webm-vp8: 9c59270c3fd7afecdb556c50c9e8de78 -> 
  custom:graphics/normal-map-encoding: 01000000000000000000000000000000 -> 02000000000000000000000000000000
  custom:audio-decoder-ogg-vorbis: bf7c407c2cedff20999df2af8eb42d56 -> 
  custom:audio-encoder-webm-vorbis: bf7c407c2cedff20999df2af8eb42d56 -> 
========================================================================
Received Prepare
Registering precompiled user dll's ...
Registered in 0.044498 seconds.
Begin MonoManager ReloadAssembly
Native extension for WindowsStandalone target not found
Refreshing native plugins compatible for Editor in 2.36 ms, found 3 plugins.
Preloading 0 native plugins for Editor in 0.00 ms.
Mono: successfully reloaded assembly
- Completed reload, in  4.874 seconds
Domain Reload Profiling:
	ReloadAssembly (4937ms)
		BeginReloadAssembly (1750ms)
			ExecutionOrderSort (0ms)
			DisableScriptedObjects (259ms)
			BackupInstance (0ms)
			ReleaseScriptingObjects (8ms)
			CreateAndSetChildDomain (1007ms)
		EndReloadAssembly (2793ms)
			LoadAssemblies (631ms)
			RebuildTransferFunctionScriptingTraits (6ms)
			SetupTypeCache (741ms)
			ReleaseScriptCaches (3ms)
			RebuildScriptCaches (95ms)
			SetupLoadedEditorAssemblies (839ms)
				LogAssemblyErrors (0ms)
				InitializePlatformSupportModulesInManaged (23ms)
				SetLoadedEditorAssemblies (4ms)
				RefreshPlugins (3ms)
				BeforeProcessingInitializeOnLoad (182ms)
				ProcessInitializeOnLoadAttributes (590ms)
				ProcessInitializeOnLoadMethodAttributes (28ms)
				AfterProcessingInitializeOnLoad (7ms)
				EditorAssembliesLoaded (2ms)
			ExecutionOrderSort2 (0ms)
			AwakeInstancesAfterBackupRestoration (28ms)
Platform modules already initialized, skipping
Switching build target platform(19) subTarget(0) extendedPlatform(0) -> platform(13) subTarget(537395200) extendedPlatform(0)
Refreshing native plugins compatible for Editor in 1.09 ms, found 3 plugins.
Preloading 0 native plugins for Editor in 0.00 ms.
Unloading 2194 Unused Serialized files (Serialized files now loaded: 0)
System memory in use before: 172.6 MB.
System memory in use after: 172.8 MB.

Unloading 17 unused Assets to reduce memory usage. Loaded Objects now: 2671.
Total: 28.809600 ms (FindLiveObjects: 4.172700 ms CreateObjectMapping: 0.324300 ms MarkObjects: 23.267600 ms  DeleteObjects: 1.039700 ms)

AssetImportParameters requested are different than current active one (requested -> active):
  custom:framework-win-MediaFoundation: 216162199b28c13a410421893ffa2e32 -> 
  custom:video-decoder-ogg-theora: a1e56fd34408186e4bbccfd4996cb3dc -> 
  custom:container-muxer-webm: aa71ff27fc2769a1b78a27578f13a17b -> 
  custom:container-demuxer-webm: 4f35f7cbe854078d1ac9338744f61a02 -> 
  custom:container-demuxer-ogg: 62fdf1f143b41e24485cea50d1cbac27 -> 
  custom:video-encoder-webm-vp8: eb34c28f22e8b96e1ab97ce403110664 -> 
  custom:video-decoder-webm-vp8: 9c59270c3fd7afecdb556c50c9e8de78 -> 
  custom:graphics/normal-map-encoding: 01000000000000000000000000000000 -> 02000000000000000000000000000000
  custom:audio-decoder-ogg-vorbis: bf7c407c2cedff20999df2af8eb42d56 -> 
  custom:audio-encoder-webm-vorbis: bf7c407c2cedff20999df2af8eb42d56 -> 
